#
# A fatal error has been detected by the Java Runtime Environment:
#
#  EXCEPTION_ACCESS_VIOLATION (0xc0000005) at pc=0x0000000052c6fe25, pid=28444, tid=0x0000000000009494
#
# JRE version: Java(TM) SE Runtime Environment (8.0_191-b12) (build 1.8.0_191-b12)
# Java VM: Java HotSpot(TM) 64-Bit Server VM (25.191-b12 mixed mode windows-amd64 compressed oops)
# Problematic frame:
# V  [jvm.dll+0x49fe25]
#
# Failed to write core dump. Minidumps are not enabled by default on client versions of Windows
#
# If you would like to submit a bug report, please visit:
#   http://bugreport.java.com/bugreport/crash.jsp
#

---------------  T H R E A D  ---------------

Current thread (0x0000000013f4a000):  JavaThread "C2 CompilerThread1" daemon [_thread_in_native, id=38036, stack(0x0000000015bb0000,0x0000000015cb0000)]

siginfo: ExceptionCode=0xc0000005, reading address 0x000000001a2b7778

Registers:
RAX=0x0000000000001ca5, RBX=0x000000001a2b7770, RCX=0x0000000000000005, RDX=0x0000000000000001
RSP=0x0000000015cac3a0, RBP=0x0000000000001410, RSI=0x0000000015cac4a0, RDI=0x0000000000001410
R8 =0x0000000000000000, R9 =0x0000000000001ca5, R10=0x00000000527d0000, R11=0x0000000015cac290
R12=0x0000000052ff4570, R13=0x00000000527d0000, R14=0x000000001542e408, R15=0x00000000000003d8
RIP=0x0000000052c6fe25, EFLAGS=0x0000000000010202

Top of Stack: (sp=0x0000000015cac3a0)
0x0000000015cac3a0:   000000001a256290 000000001a260d30
0x0000000015cac3b0:   0000000000001410 0000000015cac4a0
0x0000000015cac3c0:   00001caa00000000 0000000000000006
0x0000000015cac3d0:   0000000052ff4470 000000000000001d
0x0000000015cac3e0:   000000001c12b680 000000000000001d
0x0000000015cac3f0:   000000001a261a50 0000000015cac790
0x0000000015cac400:   000000001542e030 0000000015cac790
0x0000000015cac410:   000000001542e020 0000000052c3bd01
0x0000000015cac420:   0000000000000000 0000000015cac520
0x0000000015cac430:   0000000000000000 0000000000000009
0x0000000015cac440:   0000000000000006 000000001542e020
0x0000000015cac450:   0000000018ccd8e0 0000000018cd0bf0
0x0000000015cac460:   0000000018cd58c8 00000000005bae28
0x0000000015cac470:   0000000000000006 000000001542e410
0x0000000015cac480:   000000001542e410 000000001542e420
0x0000000015cac490:   000000001542e7f8 00000000000003d8 

Instructions: (pc=0x0000000052c6fe25)
0x0000000052c6fe05:   48 8d 4c 24 20 e8 a1 4e 00 00 85 c0 74 68 8b c0
0x0000000052c6fe15:   48 8d 1c 80 48 c1 e3 05 48 03 5e 10 85 ff 74 93
0x0000000052c6fe25:   48 8b 43 08 48 8b cd 48 c1 e9 08 4c 8b 0c c8 4d
0x0000000052c6fe35:   3b cc 75 0d 8b d7 48 8b cb e8 ad 4a 00 00 4c 8b 


Register to memory mapping:

RAX=0x0000000000001ca5 is an unknown value
RBX=0x000000001a2b7770 is an unknown value
RCX=0x0000000000000005 is an unknown value
RDX=0x0000000000000001 is an unknown value
RSP=0x0000000015cac3a0 is pointing into the stack for thread: 0x0000000013f4a000
RBP=0x0000000000001410 is an unknown value
RSI=0x0000000015cac4a0 is pointing into the stack for thread: 0x0000000013f4a000
RDI=0x0000000000001410 is an unknown value
R8 =0x0000000000000000 is an unknown value
R9 =0x0000000000001ca5 is an unknown value
R10=0x00000000527d0000 is an unknown value
R11=0x0000000015cac290 is pointing into the stack for thread: 0x0000000013f4a000
R12=0x0000000052ff4570 is an unknown value
R13=0x00000000527d0000 is an unknown value
R14=0x000000001542e408 is an unknown value
R15=0x00000000000003d8 is an unknown value


Stack: [0x0000000015bb0000,0x0000000015cb0000],  sp=0x0000000015cac3a0,  free space=1008k
Native frames: (J=compiled Java code, j=interpreted, Vv=VM code, C=native code)
V  [jvm.dll+0x49fe25]
V  [jvm.dll+0x46bd01]
V  [jvm.dll+0x47703b]
V  [jvm.dll+0x479947]
V  [jvm.dll+0x45c162]
V  [jvm.dll+0xa6c82]
V  [jvm.dll+0xa75cf]
V  [jvm.dll+0x2461df]
V  [jvm.dll+0x29eb9a]
C  [msvcr100.dll+0x21d9f]
C  [msvcr100.dll+0x21e3b]
C  [KERNEL32.DLL+0x17c24]
C  [ntdll.dll+0x6d721]


Current CompileTask:
C2:   4694 2947       4       java.util.function.BiPredicate$$Lambda$360/327001261::test (14 bytes)


---------------  P R O C E S S  ---------------

Java Threads: ( => current thread )
  0x000000001665b800 JavaThread "/127.0.0.1:65031 to /127.0.0.1:65030 workers Thread 3" [_thread_in_native, id=35452, stack(0x0000000017dc0000,0x0000000017ec0000)]
  0x000000001665a800 JavaThread "/127.0.0.1:65031 to /127.0.0.1:65030 workers Thread 2" [_thread_blocked, id=31404, stack(0x0000000017cc0000,0x0000000017dc0000)]
  0x0000000016abf000 JavaThread "Test worker" [_thread_in_vm, id=30472, stack(0x0000000017880000,0x0000000017980000)]
  0x0000000013f6d800 JavaThread "Service Thread" daemon [_thread_blocked, id=37260, stack(0x0000000015db0000,0x0000000015eb0000)]
  0x0000000013f51000 JavaThread "C1 CompilerThread2" daemon [_thread_blocked, id=29300, stack(0x0000000015cb0000,0x0000000015db0000)]
=>0x0000000013f4a000 JavaThread "C2 CompilerThread1" daemon [_thread_in_native, id=38036, stack(0x0000000015bb0000,0x0000000015cb0000)]
  0x0000000013f49000 JavaThread "C2 CompilerThread0" daemon [_thread_in_native, id=10624, stack(0x0000000015ab0000,0x0000000015bb0000)]
  0x0000000013f45000 JavaThread "Attach Listener" daemon [_thread_blocked, id=38672, stack(0x00000000159b0000,0x0000000015ab0000)]
  0x0000000013f42000 JavaThread "Signal Dispatcher" daemon [_thread_blocked, id=15804, stack(0x00000000158b0000,0x00000000159b0000)]
  0x0000000002ace000 JavaThread "Finalizer" daemon [_thread_blocked, id=30468, stack(0x0000000015160000,0x0000000015260000)]
  0x0000000002ac2800 JavaThread "Reference Handler" daemon [_thread_blocked, id=37732, stack(0x0000000015060000,0x0000000015160000)]
  0x000000000279e800 JavaThread "main" [_thread_blocked, id=38056, stack(0x00000000028c0000,0x00000000029c0000)]

Other Threads:
  0x0000000013ed7800 VMThread [stack: 0x0000000014f60000,0x0000000015060000] [id=37396]
  0x00000000154a9800 WatcherThread [stack: 0x0000000015eb0000,0x0000000015fb0000] [id=33096]

VM state:not at safepoint (normal execution)

VM Mutex/Monitor currently owned by a thread: None

Heap:
 PSYoungGen      total 138240K, used 55600K [0x00000000f5580000, 0x0000000100000000, 0x0000000100000000)
  eden space 127488K, 36% used [0x00000000f5580000,0x00000000f82dbb60,0x00000000fd200000)
  from space 10752K, 85% used [0x00000000fd200000,0x00000000fdaf04a0,0x00000000fdc80000)
  to   space 10240K, 0% used [0x00000000ff600000,0x00000000ff600000,0x0000000100000000)
 ParOldGen       total 89088K, used 5876K [0x00000000e0000000, 0x00000000e5700000, 0x00000000f5580000)
  object space 89088K, 6% used [0x00000000e0000000,0x00000000e05bd128,0x00000000e5700000)
 Metaspace       used 30943K, capacity 33540K, committed 33664K, reserved 1079296K
  class space    used 4170K, capacity 4656K, committed 4736K, reserved 1048576K

Card table byte_map: [0x0000000011ea0000,0x0000000011fb0000] byte_map_base: 0x00000000117a0000

Marking Bits: (ParMarkBitMap*) 0x0000000052ff3e30
 Begin Bits: [0x0000000012460000, 0x0000000012c60000)
 End Bits:   [0x0000000012c60000, 0x0000000013460000)

Polling page: 0x0000000002780000

CodeCache: size=245760Kb used=11013Kb max_used=11013Kb free=234746Kb
 bounds [0x0000000002ae0000, 0x00000000035b0000, 0x0000000011ae0000]
 total_blobs=3492 nmethods=3096 adapters=307
 compilation: enabled

Compilation events (10 events):
Event: 4.598 Thread 0x0000000013f51000 3050       3       java.beans.Introspector::isAssignable (27 bytes)
Event: 4.599 Thread 0x0000000013f51000 nmethod 3050 0x000000000356df10 code [0x000000000356e080, 0x000000000356e368]
Event: 4.600 Thread 0x0000000013f51000 3051       3       java.beans.Introspector::processPropertyDescriptors (959 bytes)
Event: 4.603 Thread 0x0000000013f51000 nmethod 3051 0x000000000356e410 code [0x000000000356ed20, 0x0000000003575fb8]
Event: 4.603 Thread 0x0000000013f51000 3053       3       org.springframework.beans.GenericTypeAwarePropertyDescriptor::<init> (323 bytes)
Event: 4.605 Thread 0x0000000013f51000 nmethod 3053 0x0000000003578dd0 code [0x0000000003579280, 0x000000000357c318]
Event: 4.605 Thread 0x0000000013f51000 3054       3       org.springframework.core.SerializableTypeWrapper$MethodParameterTypeProvider::getType (8 bytes)
Event: 4.605 Thread 0x0000000013f51000 nmethod 3054 0x000000000357e190 code [0x000000000357e300, 0x000000000357e508]
Event: 4.605 Thread 0x0000000013f51000 3052       3       org.springframework.core.MethodParameter::withContainingClass (17 bytes)
Event: 4.606 Thread 0x0000000013f51000 nmethod 3052 0x000000000357e5d0 code [0x000000000357e740, 0x000000000357e9a8]

GC Heap History (10 events):
Event: 2.505 GC heap before
{Heap before GC invocations=2 (full 0):
 PSYoungGen      total 76288K, used 73574K [0x00000000f5580000, 0x00000000faa80000, 0x0000000100000000)
  eden space 65536K, 100% used [0x00000000f5580000,0x00000000f9580000,0x00000000f9580000)
  from space 10752K, 74% used [0x00000000f9580000,0x00000000f9d59bd0,0x00000000fa000000)
  to   space 10752K, 0% used [0x00000000fa000000,0x00000000fa000000,0x00000000faa80000)
 ParOldGen       total 175104K, used 16K [0x00000000e0000000, 0x00000000eab00000, 0x00000000f5580000)
  object space 175104K, 0% used [0x00000000e0000000,0x00000000e0004000,0x00000000eab00000)
 Metaspace       used 18638K, capacity 20076K, committed 20224K, reserved 1067008K
  class space    used 2527K, capacity 2814K, committed 2816K, reserved 1048576K
Event: 2.514 GC heap after
Heap after GC invocations=2 (full 0):
 PSYoungGen      total 76288K, used 8765K [0x00000000f5580000, 0x00000000faa80000, 0x0000000100000000)
  eden space 65536K, 0% used [0x00000000f5580000,0x00000000f5580000,0x00000000f9580000)
  from space 10752K, 81% used [0x00000000fa000000,0x00000000fa88f718,0x00000000faa80000)
  to   space 10752K, 0% used [0x00000000f9580000,0x00000000f9580000,0x00000000fa000000)
 ParOldGen       total 175104K, used 24K [0x00000000e0000000, 0x00000000eab00000, 0x00000000f5580000)
  object space 175104K, 0% used [0x00000000e0000000,0x00000000e0006000,0x00000000eab00000)
 Metaspace       used 18638K, capacity 20076K, committed 20224K, reserved 1067008K
  class space    used 2527K, capacity 2814K, committed 2816K, reserved 1048576K
}
Event: 2.566 GC heap before
{Heap before GC invocations=3 (full 0):
 PSYoungGen      total 76288K, used 17463K [0x00000000f5580000, 0x00000000faa80000, 0x0000000100000000)
  eden space 65536K, 13% used [0x00000000f5580000,0x00000000f5dfe700,0x00000000f9580000)
  from space 10752K, 81% used [0x00000000fa000000,0x00000000fa88f718,0x00000000faa80000)
  to   space 10752K, 0% used [0x00000000f9580000,0x00000000f9580000,0x00000000fa000000)
 ParOldGen       total 175104K, used 24K [0x00000000e0000000, 0x00000000eab00000, 0x00000000f5580000)
  object space 175104K, 0% used [0x00000000e0000000,0x00000000e0006000,0x00000000eab00000)
 Metaspace       used 19642K, capacity 21084K, committed 21248K, reserved 1067008K
  class space    used 2646K, capacity 2956K, committed 3072K, reserved 1048576K
Event: 2.571 GC heap after
Heap after GC invocations=3 (full 0):
 PSYoungGen      total 76288K, used 5999K [0x00000000f5580000, 0x00000000fea80000, 0x0000000100000000)
  eden space 65536K, 0% used [0x00000000f5580000,0x00000000f5580000,0x00000000f9580000)
  from space 10752K, 55% used [0x00000000f9580000,0x00000000f9b5bc10,0x00000000fa000000)
  to   space 10752K, 0% used [0x00000000fe000000,0x00000000fe000000,0x00000000fea80000)
 ParOldGen       total 175104K, used 32K [0x00000000e0000000, 0x00000000eab00000, 0x00000000f5580000)
  object space 175104K, 0% used [0x00000000e0000000,0x00000000e0008000,0x00000000eab00000)
 Metaspace       used 19642K, capacity 21084K, committed 21248K, reserved 1067008K
  class space    used 2646K, capacity 2956K, committed 3072K, reserved 1048576K
}
Event: 2.571 GC heap before
{Heap before GC invocations=4 (full 1):
 PSYoungGen      total 76288K, used 5999K [0x00000000f5580000, 0x00000000fea80000, 0x0000000100000000)
  eden space 65536K, 0% used [0x00000000f5580000,0x00000000f5580000,0x00000000f9580000)
  from space 10752K, 55% used [0x00000000f9580000,0x00000000f9b5bc10,0x00000000fa000000)
  to   space 10752K, 0% used [0x00000000fe000000,0x00000000fe000000,0x00000000fea80000)
 ParOldGen       total 175104K, used 32K [0x00000000e0000000, 0x00000000eab00000, 0x00000000f5580000)
  object space 175104K, 0% used [0x00000000e0000000,0x00000000e0008000,0x00000000eab00000)
 Metaspace       used 19642K, capacity 21084K, committed 21248K, reserved 1067008K
  class space    used 2646K, capacity 2956K, committed 3072K, reserved 1048576K
Event: 2.597 GC heap after
Heap after GC invocations=4 (full 1):
 PSYoungGen      total 76288K, used 0K [0x00000000f5580000, 0x00000000fea80000, 0x0000000100000000)
  eden space 65536K, 0% used [0x00000000f5580000,0x00000000f5580000,0x00000000f9580000)
  from space 10752K, 0% used [0x00000000f9580000,0x00000000f9580000,0x00000000fa000000)
  to   space 10752K, 0% used [0x00000000fe000000,0x00000000fe000000,0x00000000fea80000)
 ParOldGen       total 89088K, used 5860K [0x00000000e0000000, 0x00000000e5700000, 0x00000000f5580000)
  object space 89088K, 6% used [0x00000000e0000000,0x00000000e05b9128,0x00000000e5700000)
 Metaspace       used 19642K, capacity 21084K, committed 21248K, reserved 1067008K
  class space    used 2646K, capacity 2956K, committed 3072K, reserved 1048576K
}
Event: 3.031 GC heap before
{Heap before GC invocations=5 (full 1):
 PSYoungGen      total 76288K, used 65536K [0x00000000f5580000, 0x00000000fea80000, 0x0000000100000000)
  eden space 65536K, 100% used [0x00000000f5580000,0x00000000f9580000,0x00000000f9580000)
  from space 10752K, 0% used [0x00000000f9580000,0x00000000f9580000,0x00000000fa000000)
  to   space 10752K, 0% used [0x00000000fe000000,0x00000000fe000000,0x00000000fea80000)
 ParOldGen       total 89088K, used 5860K [0x00000000e0000000, 0x00000000e5700000, 0x00000000f5580000)
  object space 89088K, 6% used [0x00000000e0000000,0x00000000e05b9128,0x00000000e5700000)
 Metaspace       used 24574K, capacity 26248K, committed 26496K, reserved 1073152K
  class space    used 3304K, capacity 3632K, committed 3712K, reserved 1048576K
Event: 3.037 GC heap after
Heap after GC invocations=5 (full 1):
 PSYoungGen      total 119296K, used 7121K [0x00000000f5580000, 0x00000000fe700000, 0x0000000100000000)
  eden space 112128K, 0% used [0x00000000f5580000,0x00000000f5580000,0x00000000fc300000)
  from space 7168K, 99% used [0x00000000fe000000,0x00000000fe6f4478,0x00000000fe700000)
  to   space 10752K, 0% used [0x00000000fd200000,0x00000000fd200000,0x00000000fdc80000)
 ParOldGen       total 89088K, used 5868K [0x00000000e0000000, 0x00000000e5700000, 0x00000000f5580000)
  object space 89088K, 6% used [0x00000000e0000000,0x00000000e05bb128,0x00000000e5700000)
 Metaspace       used 24574K, capacity 26248K, committed 26496K, reserved 1073152K
  class space    used 3304K, capacity 3632K, committed 3712K, reserved 1048576K
}
Event: 4.277 GC heap before
{Heap before GC invocations=6 (full 1):
 PSYoungGen      total 119296K, used 119249K [0x00000000f5580000, 0x00000000fe700000, 0x0000000100000000)
  eden space 112128K, 100% used [0x00000000f5580000,0x00000000fc300000,0x00000000fc300000)
  from space 7168K, 99% used [0x00000000fe000000,0x00000000fe6f4478,0x00000000fe700000)
  to   space 10752K, 0% used [0x00000000fd200000,0x00000000fd200000,0x00000000fdc80000)
 ParOldGen       total 89088K, used 5868K [0x00000000e0000000, 0x00000000e5700000, 0x00000000f5580000)
  object space 89088K, 6% used [0x00000000e0000000,0x00000000e05bb128,0x00000000e5700000)
 Metaspace       used 29526K, capacity 31944K, committed 32128K, reserved 1077248K
  class space    used 3979K, capacity 4418K, committed 4480K, reserved 1048576K
Event: 4.288 GC heap after
Heap after GC invocations=6 (full 1):
 PSYoungGen      total 138240K, used 9153K [0x00000000f5580000, 0x0000000100000000, 0x0000000100000000)
  eden space 127488K, 0% used [0x00000000f5580000,0x00000000f5580000,0x00000000fd200000)
  from space 10752K, 85% used [0x00000000fd200000,0x00000000fdaf04a0,0x00000000fdc80000)
  to   space 10240K, 0% used [0x00000000ff600000,0x00000000ff600000,0x0000000100000000)
 ParOldGen       total 89088K, used 5876K [0x00000000e0000000, 0x00000000e5700000, 0x00000000f5580000)
  object space 89088K, 6% used [0x00000000e0000000,0x00000000e05bd128,0x00000000e5700000)
 Metaspace       used 29526K, capacity 31944K, committed 32128K, reserved 1077248K
  class space    used 3979K, capacity 4418K, committed 4480K, reserved 1048576K
}

Deoptimization events (10 events):
Event: 3.557 Thread 0x0000000016abf000 Uncommon trap: reason=unstable_if action=reinterpret pc=0x0000000003243704 method=org.springframework.util.ConcurrentReferenceHashMap$Segment.findInChain(Lorg/springframework/util/ConcurrentReferenceHashMap$Reference;Ljava/lang/Object;I)Lorg/springframewo
Event: 3.791 Thread 0x0000000016abf000 Uncommon trap: reason=unstable_if action=reinterpret pc=0x000000000305a084 method=java.io.WinNTFileSystem.isLetter(C)Z @ 15
Event: 3.979 Thread 0x0000000016abf000 Uncommon trap: reason=unstable_if action=reinterpret pc=0x0000000002ebf52c method=sun.net.www.ParseUtil.encodePath(Ljava/lang/String;Z)Ljava/lang/String; @ 109
Event: 3.981 Thread 0x0000000016abf000 Uncommon trap: reason=unstable_if action=reinterpret pc=0x00000000033b27e8 method=java.util.Properties.loadConvert([CII[C)Ljava/lang/String; @ 57
Event: 3.992 Thread 0x0000000016abf000 Uncommon trap: reason=unstable_if action=reinterpret pc=0x00000000033f6cc0 method=java.lang.reflect.Method.equals(Ljava/lang/Object;)Z @ 49
Event: 4.002 Thread 0x0000000016abf000 Uncommon trap: reason=unstable_if action=reinterpret pc=0x0000000003245f9c method=org.springframework.util.ConcurrentReferenceHashMap$Segment.findInChain(Lorg/springframework/util/ConcurrentReferenceHashMap$Reference;Ljava/lang/Object;I)Lorg/springframewo
Event: 4.003 Thread 0x0000000016abf000 Uncommon trap: reason=unstable_if action=reinterpret pc=0x000000000320073c method=org.springframework.util.ConcurrentReferenceHashMap$Segment.findInChain(Lorg/springframework/util/ConcurrentReferenceHashMap$Reference;Ljava/lang/Object;I)Lorg/springframewo
Event: 4.177 Thread 0x0000000016abf000 Uncommon trap: reason=unstable_if action=reinterpret pc=0x000000000349919c method=java.lang.reflect.Method.equals(Ljava/lang/Object;)Z @ 1
Event: 4.419 Thread 0x0000000016abf000 Uncommon trap: reason=unstable_if action=reinterpret pc=0x00000000034f33e4 method=java.lang.Class$MethodArray.addIfNotPresent(Ljava/lang/reflect/Method;)V @ 19
Event: 4.491 Thread 0x0000000016abf000 Uncommon trap: reason=unstable_if action=reinterpret pc=0x0000000003545140 method=org.springframework.beans.factory.support.AbstractBeanFactory.isTypeMatch(Ljava/lang/String;Lorg/springframework/core/ResolvableType;Z)Z @ 72

Classes redefined (0 events):
No events

Internal exceptions (10 events):
Event: 4.595 Thread 0x0000000016abf000 Exception <a 'java/lang/ClassNotFoundException': java/lang/ObjectCustomizer> (0x00000000f7565da0) thrown at [C:\re\workspace\8-2-build-windows-amd64-cygwin\jdk8u191\11896\hotspot\src\share\vm\classfile\systemDictionary.cpp, line 210]
Event: 4.596 Thread 0x0000000016abf000 Exception <a 'java/lang/ClassNotFoundException': org/springframework/context/support/ApplicationObjectSupportCustomizer> (0x00000000f758ec48) thrown at [C:\re\workspace\8-2-build-windows-amd64-cygwin\jdk8u191\11896\hotspot\src\share\vm\classfile\systemDic
Event: 4.597 Thread 0x0000000016abf000 Exception <a 'java/lang/ClassNotFoundException': org/springframework/web/context/support/WebApplicationObjectSupportCustomizer> (0x00000000f75bb6b0) thrown at [C:\re\workspace\8-2-build-windows-amd64-cygwin\jdk8u191\11896\hotspot\src\share\vm\classfile\sy
Event: 4.598 Thread 0x0000000016abf000 Exception <a 'java/lang/ClassNotFoundException': org/springframework/web/servlet/handler/AbstractHandlerMappingCustomizer> (0x00000000f75e3c78) thrown at [C:\re\workspace\8-2-build-windows-amd64-cygwin\jdk8u191\11896\hotspot\src\share\vm\classfile\systemD
Event: 4.599 Thread 0x0000000016abf000 Exception <a 'java/lang/ClassNotFoundException': org/springframework/web/servlet/handler/AbstractHandlerMethodMappingCustomizer> (0x00000000f762b468) thrown at [C:\re\workspace\8-2-build-windows-amd64-cygwin\jdk8u191\11896\hotspot\src\share\vm\classfile\s
Event: 4.601 Thread 0x0000000016abf000 Exception <a 'java/lang/ClassNotFoundException': org/springframework/web/servlet/mvc/method/RequestMappingInfoHandlerMappingCustomizer> (0x00000000f766cf70) thrown at [C:\re\workspace\8-2-build-windows-amd64-cygwin\jdk8u191\11896\hotspot\src\share\vm\clas
Event: 4.602 Thread 0x0000000016abf000 Exception <a 'java/lang/ClassNotFoundException': org/springframework/web/servlet/mvc/method/annotation/RequestMappingHandlerMappingCustomizer> (0x00000000f76a2900) thrown at [C:\re\workspace\8-2-build-windows-amd64-cygwin\jdk8u191\11896\hotspot\src\share\
Event: 4.604 Thread 0x0000000016abf000 Exception <a 'java/lang/ClassNotFoundException': org/springframework/web/servlet/handler/MatchableHandlerMappingCustomizer> (0x00000000f770b318) thrown at [C:\re\workspace\8-2-build-windows-amd64-cygwin\jdk8u191\11896\hotspot\src\share\vm\classfile\system
Event: 4.605 Thread 0x0000000016abf000 Exception <a 'java/lang/ClassNotFoundException': org/springframework/web/servlet/HandlerMappingCustomizer> (0x00000000f772da18) thrown at [C:\re\workspace\8-2-build-windows-amd64-cygwin\jdk8u191\11896\hotspot\src\share\vm\classfile\systemDictionary.cpp, l
Event: 4.606 Thread 0x0000000016abf000 Exception <a 'java/lang/ClassNotFoundException': org/springframework/context/EmbeddedValueResolverAwareCustomizer> (0x00000000f7751eb0) thrown at [C:\re\workspace\8-2-build-windows-amd64-cygwin\jdk8u191\11896\hotspot\src\share\vm\classfile\systemDictionar

Events (10 events):
Event: 4.605 loading class org/springframework/context/EmbeddedValueResolverAwareCustomizer
Event: 4.605 loading class org/springframework/context/EmbeddedValueResolverAwareCustomizer done
Event: 4.605 loading class org/springframework/context/EmbeddedValueResolverAwareCustomizer
Event: 4.605 loading class org/springframework/context/EmbeddedValueResolverAwareCustomizer done
Event: 4.606 loading class org/springframework/context/EmbeddedValueResolverAwareCustomizer
Event: 4.606 loading class org/springframework/context/EmbeddedValueResolverAwareCustomizer done
Event: 4.606 loading class org/springframework/beans/factory/AwareCustomizer
Event: 4.606 loading class org/springframework/beans/factory/AwareCustomizer done
Event: 4.606 loading class org/springframework/beans/factory/AwareCustomizer
Event: 4.606 loading class org/springframework/beans/factory/AwareCustomizer done


Dynamic libraries:
0x00007ff760e00000 - 0x00007ff760e37000 	C:\Program Files\Java\jdk1.8.0_191\bin\java.exe
0x00007ffd32400000 - 0x00007ffd325f0000 	C:\WINDOWS\SYSTEM32\ntdll.dll
0x00007ffd2a030000 - 0x00007ffd2a043000 	C:\Program Files\AVG\Antivirus\aswhook.dll
0x00007ffd31cc0000 - 0x00007ffd31d72000 	C:\WINDOWS\System32\KERNEL32.DLL
0x00007ffd30100000 - 0x00007ffd303a5000 	C:\WINDOWS\System32\KERNELBASE.dll
0x00007ffd322b0000 - 0x00007ffd32353000 	C:\WINDOWS\System32\ADVAPI32.dll
0x00007ffd30e70000 - 0x00007ffd30f0e000 	C:\WINDOWS\System32\msvcrt.dll
0x00007ffd31df0000 - 0x00007ffd31e87000 	C:\WINDOWS\System32\sechost.dll
0x00007ffd32060000 - 0x00007ffd3217f000 	C:\WINDOWS\System32\RPCRT4.dll
0x00007ffd31ec0000 - 0x00007ffd32054000 	C:\WINDOWS\System32\USER32.dll
0x00007ffd2fd90000 - 0x00007ffd2fdb1000 	C:\WINDOWS\System32\win32u.dll
0x00007ffd32280000 - 0x00007ffd322a6000 	C:\WINDOWS\System32\GDI32.dll
0x00007ffd2fea0000 - 0x00007ffd30038000 	C:\WINDOWS\System32\gdi32full.dll
0x00007ffd30060000 - 0x00007ffd300fe000 	C:\WINDOWS\System32\msvcp_win.dll
0x00007ffd303b0000 - 0x00007ffd304aa000 	C:\WINDOWS\System32\ucrtbase.dll
0x00007ffd1a340000 - 0x00007ffd1a5c4000 	C:\WINDOWS\WinSxS\amd64_microsoft.windows.common-controls_6595b64144ccf1df_6.0.18362.1440_none_9e7dbfb9e45e8e67\COMCTL32.dll
0x00007ffd31850000 - 0x00007ffd31b86000 	C:\WINDOWS\System32\combase.dll
0x00007ffd2fe10000 - 0x00007ffd2fe91000 	C:\WINDOWS\System32\bcryptPrimitives.dll
0x00007ffd32250000 - 0x00007ffd3227e000 	C:\WINDOWS\System32\IMM32.DLL
0x00000000533e0000 - 0x00000000534b2000 	C:\Program Files\Java\jdk1.8.0_191\jre\bin\msvcr100.dll
0x00000000527d0000 - 0x0000000053074000 	C:\Program Files\Java\jdk1.8.0_191\jre\bin\server\jvm.dll
0x00007ffd31e90000 - 0x00007ffd31e98000 	C:\WINDOWS\System32\PSAPI.DLL
0x00007ffd1dcd0000 - 0x00007ffd1dcd9000 	C:\WINDOWS\SYSTEM32\WSOCK32.dll
0x00007ffd2c140000 - 0x00007ffd2c164000 	C:\WINDOWS\SYSTEM32\WINMM.dll
0x00007ffd31d80000 - 0x00007ffd31def000 	C:\WINDOWS\System32\WS2_32.dll
0x00007ffd27580000 - 0x00007ffd2758a000 	C:\WINDOWS\SYSTEM32\VERSION.dll
0x00007ffd2c110000 - 0x00007ffd2c13d000 	C:\WINDOWS\SYSTEM32\winmmbase.dll
0x00007ffd2fdc0000 - 0x00007ffd2fe0a000 	C:\WINDOWS\System32\cfgmgr32.dll
0x00000000538d0000 - 0x00000000538df000 	C:\Program Files\Java\jdk1.8.0_191\jre\bin\verify.dll
0x00000000538a0000 - 0x00000000538c9000 	C:\Program Files\Java\jdk1.8.0_191\jre\bin\java.dll
0x0000000053880000 - 0x0000000053896000 	C:\Program Files\Java\jdk1.8.0_191\jre\bin\zip.dll
0x00007ffd31160000 - 0x00007ffd31848000 	C:\WINDOWS\System32\SHELL32.dll
0x00007ffd310b0000 - 0x00007ffd31157000 	C:\WINDOWS\System32\shcore.dll
0x00007ffd2f580000 - 0x00007ffd2fcfb000 	C:\WINDOWS\System32\windows.storage.dll
0x00007ffd2f310000 - 0x00007ffd2f32e000 	C:\WINDOWS\System32\profapi.dll
0x00007ffd2f2c0000 - 0x00007ffd2f30a000 	C:\WINDOWS\System32\powrprof.dll
0x00007ffd2f2b0000 - 0x00007ffd2f2c0000 	C:\WINDOWS\System32\UMPDC.dll
0x00007ffd32360000 - 0x00007ffd323b2000 	C:\WINDOWS\System32\shlwapi.dll
0x00007ffd2f330000 - 0x00007ffd2f341000 	C:\WINDOWS\System32\kernel.appcore.dll
0x00007ffd30040000 - 0x00007ffd30057000 	C:\WINDOWS\System32\cryptsp.dll
0x0000000053730000 - 0x000000005374a000 	C:\Program Files\Java\jdk1.8.0_191\jre\bin\net.dll
0x00007ffd2ea40000 - 0x00007ffd2eaa7000 	C:\WINDOWS\system32\mswsock.dll
0x0000000053710000 - 0x0000000053721000 	C:\Program Files\Java\jdk1.8.0_191\jre\bin\nio.dll
0x00007ffd2e5d0000 - 0x00007ffd2e603000 	C:\WINDOWS\system32\rsaenh.dll
0x00007ffd2fd60000 - 0x00007ffd2fd86000 	C:\WINDOWS\System32\bcrypt.dll
0x00007ffd2f1d0000 - 0x00007ffd2f1f5000 	C:\WINDOWS\SYSTEM32\USERENV.dll
0x00007ffd2ebc0000 - 0x00007ffd2ebcc000 	C:\WINDOWS\SYSTEM32\CRYPTBASE.dll
0x00007ffd2e760000 - 0x00007ffd2e79a000 	C:\WINDOWS\SYSTEM32\IPHLPAPI.DLL
0x00007ffd31090000 - 0x00007ffd31098000 	C:\WINDOWS\System32\NSI.dll
0x00007ffd2d590000 - 0x00007ffd2d5a6000 	C:\WINDOWS\SYSTEM32\dhcpcsvc6.DLL
0x00007ffd2d380000 - 0x00007ffd2d39c000 	C:\WINDOWS\SYSTEM32\dhcpcsvc.DLL
0x00007ffd2e7b0000 - 0x00007ffd2e87b000 	C:\WINDOWS\SYSTEM32\DNSAPI.dll
0x0000000053870000 - 0x000000005387d000 	C:\Program Files\Java\jdk1.8.0_191\jre\bin\management.dll
0x00007ffd0ab30000 - 0x00007ffd0ab46000 	C:\WINDOWS\system32\napinsp.dll
0x00007ffd09c20000 - 0x00007ffd09c3a000 	C:\WINDOWS\system32\pnrpnsp.dll
0x00007ffd09810000 - 0x00007ffd0981e000 	C:\WINDOWS\System32\winrnr.dll
0x00007ffd2a5b0000 - 0x00007ffd2a5cc000 	C:\WINDOWS\system32\NLAapi.dll
0x00007ffd097b0000 - 0x00007ffd097c5000 	C:\WINDOWS\system32\wshbth.dll
0x00007ffd27c60000 - 0x00007ffd27c6a000 	C:\Windows\System32\rasadhlp.dll
0x00007ffd2adf0000 - 0x00007ffd2ae67000 	C:\WINDOWS\System32\fwpuclnt.dll
0x00007ffd2dd60000 - 0x00007ffd2df54000 	C:\WINDOWS\SYSTEM32\dbghelp.dll

VM Arguments:
jvm_args: -Djava.security.manager=worker.org.gradle.process.internal.worker.child.BootstrapSecurityManager -Dorg.gradle.native=false -Xmx512m -Dfile.encoding=windows-1252 -Duser.country=US -Duser.language=en -Duser.variant -ea 
java_command: worker.org.gradle.process.internal.worker.GradleWorkerMain 'Gradle Test Executor 2'
java_class_path (initial): C:\Users\kredd\.gradle\caches\6.8.3\workerMain\gradle-worker.jar
Launcher Type: SUN_STANDARD

Environment Variables:
JAVA_HOME=C:\Program Files\Java\jdk1.8.0_191
CLASSPATH=C:\tibco\tibrv\8.4\lib\tibrvnative.jar;
USERNAME=kredd
OS=Windows_NT
PROCESSOR_IDENTIFIER=Intel64 Family 6 Model 142 Stepping 9, GenuineIntel



---------------  S Y S T E M  ---------------

OS: Windows 10.0 , 64 bit Build 18362 (10.0.18362.1350)

CPU:total 4 (initial active 4) (2 cores per cpu, 2 threads per core) family 6 model 142 stepping 9, cmov, cx8, fxsr, mmx, sse, sse2, sse3, ssse3, sse4.1, sse4.2, popcnt, avx, avx2, aes, clmul, erms, 3dnowpref, lzcnt, ht, tsc, tscinvbit, bmi1, bmi2, adx

Memory: 4k page, physical 16646820k(6098848k free), swap 19765980k(3969368k free)

vm_info: Java HotSpot(TM) 64-Bit Server VM (25.191-b12) for windows-amd64 JRE (1.8.0_191-b12), built on Oct  6 2018 09:29:03 by "java_re" with MS VC++ 10.0 (VS2010)

time: Sat Apr 03 02:06:07 2021
elapsed time: 4 seconds (0d 0h 0m 4s)

